0
14048286
79213376
15756064
3977252
0
45051797
277087380
119240234
0
63024782
183974327
24536012
220128
5411610
636437003
18283840
1194474
635860811
0
1880883
306283924
51042736
1919212
909700681
475471388
155774819
14321204
604361623
284366008
523127857
58049143
459237211
722809950
75314500
6390740
73858624
408190436
41642484
60705721
1370860373
162692430
777046143
615306456
995180953
199716286
253041590
288088974
320828885
1491302717
96295498
297537025
40662902
366052722
96212150
745487608
574384277
78003456
1679342918
2435855519
460788885
357767850
510297067
2502271444
898647869
209880909
13110595
2872339352
205427842
30996837
2354390356
2865999990
307434089
2404114952
208566787
162915426
25645117
1386348226
839712936
3118967076
1866825019
763907696
982052891
7943408
505253602
802170268
2524027144
2500913699
91087585
493338848
432034701
1708013740
865497979
48954173
5259690379
3203564767
1108849452
1797402420
1242400074
2339618553
103192906
1635193558
1301344126
1336080314
4075146755
3357672456
110844100
422692397
244843755
1257266429
60864477
2866079812
2744815122
338360994
4784944381
1072637164
2449070622
2983691873
190266745
2149238
738814298
433422733
3030382763
129862487
3707094046
357553882
3638174254
569729308
1459132368
416101372
2041443673
7842659
404893496
3441804701
1728573511
302726483
238700791
5844346109
2346636922
2496716313
1413220509
91751127
614520290
1630654411
1557371082
2922225733
3411847886
585025761
1437908935
5774648109
774355727
2964637154
968564582
151109408
2438630863
1597822979
2458672191
375252507
1041854402
67129092
2286023090
2994190611
4507230309
2433370037
301538267
1086594764
4224591731
1031969298
11381165
5696843
771306044
3425712540
7626814101
5462684582
2661087646
2429307
2123297219
113737043
1187791383
2112755542
183383575
55926747
4966287363
3845861906
681320758
846000503
1956094921
58027515
480461803
2983390507
19143611
543366597
3215014418
60853906
2625438914
5248635868
1376066904
119357747
6214764962
1968377966
347760641
930839123
53273918
417023295
3133668179
4169272548
27278303
3181968165
3284847775
3155533674
7973360285
1517990674
6494697833
3845656653
3608383445
5823613512
2058654803
5554401924
2284195
3042755060
8618137495
3332438270
238598929
4386808042
6107124405
257693590
414571491
1151314429
989253471
5178129587
9995942517
11197482
353882549
3106120656
477004747
4595122259
1331001554
7811083158
49766589
179294758
645296511
6007873502
865691125
234455913
202511317
378530996
1080825493
3996921169
1451310551
2489259809
1010350480
1862193139
6149146055
3568145179
318744893
529397900
1329689683
10009117266
7582649516
15871963
2669234991
8608048429
1474495581
3777558421
579786890
7026744
611224660
3587035789
1561522364
887629518
2371866
8358541697
2909447184
6740288843
106788739
1874409864
644826788
3879723550
1331468684
175472798
477231401
1660926359
207362173
4099315918
2426372259
4415751561
1580914620
293632291
8644095227
8971893
7356840269
2525441732
613388235
3929681602
539964941
317049807
2094198344
3201971907
4709979777
9740797751
1607482134
3508030375
10269645884
5381049835
1081788047
4912734806
7427580519
14563718414
7871131046
1857770162
12044485344
913954495
242350326
502374468
9281824
9666354041
15433011155
7021738
11837868765
884760371
71328275
2917880943
2738957034
2057270056
8979160372
2731859992
11352822467
1501874055
9060317122
565441360
3868138235
5503066706
3283746387
5811202925
44597892
462443716
9384168256
6720461844
945672081
18837354
4229851594
2808387600
5568506926
3108919995
2494093359
3170048820
53083896
7971708690
10312037826
5477865064
2714080723
808098931
5767985970
6394081626
151849769
6051059591
337091022
494195079
577778567
487926988
2186760994
2785198637
83374732
1223810864
322534184
2196476127
5537639977
2174728928
11654825539
1726376832
161983203
6154619026
2908272547
3655192499
5762265451
9804683813
633619705
11075818638
1398683652
2166223279
2151439463
6699961182
170346586
16493771917
2467682952
532297393
7763313007
4621974005
1772199386
10240528894
15082126195
1592540360
1091773667
4085146115
2089083670
9333904672
3545724254
4525105274
564820884
2908830778
767524962
14911952990
1254456799
3990048774
3417519609
115091893
6032911787
6948080424
3120958265
540509783
17407008405
1062231216
6624567777
6324435764
105855694
6888511253
10479763059
4404029897
1473884500
9883722162
117503656
948708634
6610937689
3994053986
11301602317
1067599775
175325832
119514133
12079712265
8723630
520742067
7011132388
801296115
573607734
67066506
8988059963
964367970
1492232269
2257949919
6718526038
8151048611
1404584990
2686983391
603596956
9053552981
11691212074
44624047
460294
1932798153
2019864890
4064564112
546763596
1076910595
4087212275
2427031473
2209764252
5068583016
3188455047
1678979468
4015823077
1273470680
9271500103
5165054667
6603350854
1979313598
1271276825
2457098889
2987113838
29581024
5643848842
1368869237
654973488
131386310
7803980798
14773394222
1829037282
13516094435
6072285006
2230233337
97230263
11811295319
2213258232
14803365421
1003086435
9239906138
5086076263
311110469
6325618193
12705823102
151054852
3011454079
5873210085
11668220299
171541640
6565563620
4457108846
334294952
12379931786
4813338964
574688850
1584204512
5669261422
4959127887
