0
152985
4045734
1230138
0
1484280
2764575
162750
5800896
175770
15938906
19931719
1357335
31096940
41352517
513621
3750230
0
18908276
18038248
38119240
16784317
65100
110926886
477708
169726053
1780632
64582321
29497334
26784070
58227753
2890139
40060976
160134000
4746464
4483080
23695066
4494996
356336561
541049814
286918605
1760124
998641489
284578752
12804385
1157057002
1950368
24766637
78457895
48959459
76720160
245549154
226942633
21443435
676717754
416660117
125707767
247640019
487830255
344725800
337373949
1036184402
554751350
1084244670
740328962
109063050
395706890
14218190
252069885
760020556
8097232
890523428
260600791
331191640
120773515
1572797619
790176563
2312172432
677466924
340245258
91413614
531878631
9313209
992889098
1120185596
725560916
270241262
1817206244
1015844185
141227409
482892200
41513715
415427488
135670929
74798040
56194391
1339275777
309277174
1275487499
2600576054
3148987052
212185232
2057665498
418240108
1517715149
46836472
30094588
1819424996
2252815032
353393713
1526091595
252177723
8453018
1837813509
599255176
929150484
15132836
3010077368
1092295116
2629210537
174462827
856087101
3112886607
1590084059
532262288
4498850550
2353651600
201234641
117845824
2174832577
414851105
1508334943
863837982
751208383
7776832
1236253280
851641946
1241138543
171954991
1844401905
363269142
79220566
1534455269
406700396
170605169
711039433
1013622103
753202169
1001204704
14193864
1320463156
1735363406
3712896521
772803414
11761996
195839457
2897888848
126460923
288905392
144021982
1396416281
3861848
573565578
4452924
2604681570
2036798120
3542690118
1458920401
1229036292
1768978753
280425216
1309229765
736550847
102915362
1999304567
550180934
999513519
1600126120
718164427
1434901876
106674903
199443778
666423896
1130721860
1798307585
142260100
447369005
414546814
3954285891
361024453
1551459165
15949608
137777462
847209281
1504241385
1592948364
990463971
2901562668
3718845274
157984567
663243059
867271208
374182063
1292745635
350414020
658224860
1271264615
670956915
2676964190
1144662827
1443651063
28132689
1588033896
159207144
2850041953
454912177
1960680488
1164153011
1656467112
4593018740
583442385
3890940134
2032140662
3156459140
774157172
3812441057
3154169213
541193964
187167653
544065483
4748837046
98997859
66015971
2276396634
1366581890
3980040031
806975243
638693619
512075718
3252298666
281597012
4313281070
387793140
3787548779
1188066177
2157405768
2100114683
3840299494
88837181
23917314
1661465814
1390209781
2414197760
5963906817
1938964536
120538382
630937282
105525198
1167359576
1723410604
2273963214
93594809
3385394976
4517627456
836927970
5004617412
3660355428
801541920
863072144
223636351
679777525
4483572078
627652212
6648543216
982595901
85127765
3880972282
4389800786
454658434
60591300
29973439
59966679
294445564
4792149192
5070094020
0
5731151737
795955556
206395700
3713688469
3506113852
3490486269
9453235455
6200244862
712358702
3211177803
28220195
3037391617
8163503267
4321569515
284351481
11543560
850893863
5487679760
406374582
1056322577
4857921315
730529568
2056885398
4989144121
4547696556
1101469906
810761306
1141102714
7154844269
176156394
4977177618
3585396924
2018306317
3437724705
1603705048
342463983
4726253906
10743237411
289475801
81829539
1127911383
578843147
52136703
2664842848
376492384
161644402
8807482223
273709112
3594793750
5329001897
274621338
2610089330
840096173
1026342770
4068274
4564852842
4686900174
886864996
2494592283
9971422080
1141211574
3070305328
441273942
14773032227
17843263
3637359234
203010186
5685597364
7258809846
5568586299
9249445041
7210000655
6235058329
2564903803
1725042268
2620447395
473024583
983264647
3204449480
1162920147
210260889
948284584
6885640970
5555707846
3099735293
2605664671
109463587
2313731308
11939519437
6806151935
15603377969
1736010687
606139828
11997580280
747379337
8726762232
670029768
10610445554
2213845785
14582310
7358538174
139461474
3578673527
1925325076
2589165847
136666372
6699487036
1804422868
2543804276
7555105471
7218526752
5097908669
4994237575
75899899
6870857714
226824061
795305628
38319096
969875900
95247907
833242793
13977699724
5167408558
197994771
7722927414
3066322690
4756559011
285528445
511481443
151020044
10865446051
2449387359
11104923005
2658447335
5910436674
2560305546
2122633813
2249768533
747402165
1786068387
1352787275
2160562567
428560232
7210901024
1673333079
3131949322
9596627862
6022180625
78394527
7110752171
4157240021
84329260
10660358554
53201161
7257038272
7179299401
12888994108
1421989791
3310149788
1150593084
225255057
4717952602
1247578238
77414377
4124968173
11429805025
106998475
14647153927
6189841805
94319360
3736020903
111914526
351750145
4912388471
5795577418
3907108635
12048100106
1584328730
8116043523
2196531875
2435003168
2109342507
3629689917
7814512782
320310383
8545904606
1325251005
4386232956
1824376224
1697615172
198065175
5315943003
2972497823
1326124941
3420775680
1489498727
1436062077
251036330
10588415940
814504157
1909138356
3961273
6213144230
12748340515
406238619
1077641829
2993982499
2352959330
9127682649
21401137782
300676890
6616292271
24286530
758052531
602782947
1743224860
13031745511
8294847352
2937253826
12979381
648745619
11970965747
4584102979
818140042
3364043405
337753474
10812879761
