哥布林的头盔:
  display: '&f哥布林的头盔'
  lore:
    - '&8&m----------------------------'
    - '&8防具                   &f普通'
    - ''
    - '&7装备等级: &f1'
    - '&7生命力: &f120'
    - '&7生命恢复: &f3'
    - '&7装备类型: &f头盔'
    - ''
    - '&8&m----------------------------'
    - ''
    - '&7可打造'
    - '&7数值变化 生命力 + 8'
    - '&7所需材料 矛盾的结晶体 * 1'
    - '&7成功率 100'
    - ''
    - '耐久度: 不可损坏'
哥布林的衣服:
  display: '&f哥布林的衣服'
  lore:
    - '&8&m----------------------------'
    - '&8防具                   &f普通'
    - ''
    - '&7装备等级: &f1'
    - '&7生命力: &f120'
    - '&7生命恢复: &f3'
    - '&7装备类型: &f衣服'
    - ''
    - '&8&m----------------------------'
    - ''
    - '&7可打造'
    - '&7数值变化 生命力 + 8'
    - '&7所需材料 矛盾的结晶体 * 1'
    - '&7成功率 100'
    - ''
    - '耐久度: 不可损坏'
哥布林的裤子:
  display: '&f哥布林的裤子'
  lore:
    - '&8&m----------------------------'
    - '&8防具                   &f普通'
    - ''
    - '&7装备等级: &f1'
    - '&7生命力: &f120'
    - '&7生命恢复: &f3'
    - '&7装备类型: &f裤子'
    - ''
    - '&8&m----------------------------'
    - ''
    - '&7可打造'
    - '&7数值变化 生命力 + 8'
    - '&7所需材料 矛盾的结晶体 * 1'
    - '&7成功率 100'
    - ''
    - '耐久度: 不可损坏'
哥布林的鞋子:
  display: '&f哥布林的鞋子'
  lore:
    - '&8&m----------------------------'
    - '&8防具                   &f普通'
    - ''
    - '&7装备等级: &f1'
    - '&7生命力: &f120'
    - '&7生命恢复: &f3'
    - '&7装备类型: &f鞋子'
    - ''
    - '&8&m----------------------------'
    - ''
    - '&7可打造'
    - '&7数值变化 生命力 + 8'
    - '&7所需材料 矛盾的结晶体 * 1'
    - '&7成功率 100'
    - ''
    - '耐久度: 不可损坏'
